info it worked if it ends with ok
verbose cli [ '/usr/bin/nodejs',
verbose cli   '/usr/bin/npm',
verbose cli   'install',
verbose cli   '-g',
verbose cli   'date-utils' ]
info using npm@1.1.4
info using node@v0.6.19
verbose config file /root/.npmrc
verbose config file /usr/etc/npmrc
verbose config file /usr/share/npm/npmrc
silly exec /usr/bin/nodejs "/usr/share/npm/bin/npm-get-uid-gid.js" "nobody" 1000
silly spawning [ '/usr/bin/nodejs',
silly spawning   [ '/usr/share/npm/bin/npm-get-uid-gid.js', 'nobody', 1000 ],
silly spawning   null ]
silly output from getuid/gid {"uid":65534,"gid":1000}
silly output from getuid/gid 
verbose cache add [ 'date-utils', null ]
silly cache add: name, spec, args [ undefined, 'date-utils', [ 'date-utils', null ] ]
verbose parsed url { pathname: 'date-utils',
verbose parsed url   path: 'date-utils',
verbose parsed url   href: 'date-utils' }
verbose addNamed [ 'date-utils', '' ]
verbose addNamed [ null, '' ]
silly name, range, hasData [ 'date-utils', '', false ]
verbose raw, before any munging date-utils
verbose url resolving [ 'https://registry.npmjs.org/', './date-utils' ]
verbose url resolved https://registry.npmjs.org/date-utils
http GET https://registry.npmjs.org/date-utils
ERR! Error: failed to fetch from registry: date-utils
ERR!     at /usr/share/npm/lib/utils/npm-registry-client/get.js:139:12
ERR!     at cb (/usr/share/npm/lib/utils/npm-registry-client/request.js:31:9)
ERR!     at Request._callback (/usr/share/npm/lib/utils/npm-registry-client/request.js:136:18)
ERR!     at Request.callback (/usr/lib/nodejs/request/main.js:119:22)
ERR!     at Request.<anonymous> (/usr/lib/nodejs/request/main.js:212:58)
ERR!     at Request.emit (events.js:88:20)
ERR!     at ClientRequest.<anonymous> (/usr/lib/nodejs/request/main.js:412:12)
ERR!     at ClientRequest.g (events.js:156:14)
ERR!     at ClientRequest.emit (events.js:67:17)
ERR!     at HTTPParser.parserOnIncomingClient [as onIncoming] (http.js:1256:7)
ERR! You may report this log at:
ERR!     <http://bugs.debian.org/npm>
ERR! or use
ERR!     reportbug --attach /home/pi/opel/node/src/camfw/facedetection/npm-debug.log npm
ERR! 
ERR! System Linux 4.1.19-v7+
ERR! command "/usr/bin/nodejs" "/usr/bin/npm" "install" "-g" "date-utils"
ERR! cwd /home/pi/opel/node/src/camfw/facedetection
ERR! node -v v0.6.19
ERR! npm -v 1.1.4
ERR! message failed to fetch from registry: date-utils
verbose exit [ 1, true ]
